<?xml version="1.0" encoding="UTF-8"?>
<!-- Generated by org.testng.reporters.JUnitReportReporter -->
<testsuite hostname="DESKTOP-HDTDCBG" name="com.restapi.formulaone.tests.FormulaOneScenarios" tests="8" failures="0" timestamp="30 Jul 2018 12:09:27 GMT" time="9.687" errors="0">
  <testcase name="test_NumberOfCircuits_ShouldBe20_Parameterized" time="0.461" classname="com.restapi.formulaone.tests.FormulaOneScenarios"/>
  <testcase name="test_NumberOfCircuitsFor2017Season_ShouldBe20" time="0.627" classname="com.restapi.formulaone.tests.FormulaOneScenarios"/>
  <testcase name="test_NumberOfCircuits_ShouldBe_DataDriven" time="0.365" classname="com.restapi.formulaone.tests.FormulaOneScenarios"/>
  <testcase name="test_NumberOfCircuits_ShouldBe_DataDriven" time="0.410" classname="com.restapi.formulaone.tests.FormulaOneScenarios"/>
  <testcase name="test_NumberOfCircuits_ShouldBe_DataDriven" time="0.431" classname="com.restapi.formulaone.tests.FormulaOneScenarios"/>
  <testcase name="test_NumberOfCircuits_ShouldBe20_UsingResponseSpec" time="0.439" classname="com.restapi.formulaone.tests.FormulaOneScenarios"/>
  <testcase name="test_Md5CheckSumForTest_ShouldBe098f6bcd4621d373cade4e832627b4f6" time="6.622" classname="com.restapi.formulaone.tests.FormulaOneScenarios"/>
  <testcase name="test_ResponseHeaderData_ShouldBeCorrect" time="0.332" classname="com.restapi.formulaone.tests.FormulaOneScenarios"/>
</testsuite> <!-- com.restapi.formulaone.tests.FormulaOneScenarios -->
