<?xml version="1.0" encoding="UTF-8"?>
<!-- Generated by org.testng.reporters.JUnitReportReporter -->
<testsuite hostname="DESKTOP-HDTDCBG" name="com.restapi.weatherapp.tests.GetData" tests="2" failures="0" timestamp="28 Jul 2018 00:25:43 GMT" time="7.797" errors="0">
  <testcase name="testResponseCode" time="0.800" classname="com.restapi.weatherapp.tests.GetData"/>
  <testcase name="testResponseBody" time="6.997" classname="com.restapi.weatherapp.tests.GetData"/>
</testsuite> <!-- com.restapi.weatherapp.tests.GetData -->
