<?xml version="1.0" encoding="UTF-8"?>
<!-- Generated by org.testng.reporters.JUnitReportReporter -->
<testsuite hostname="DESKTOP-HDTDCBG" name="com.restapi.weatherapp.tests.ResponseCodesAndFormat" tests="1" failures="0" timestamp="30 Jul 2018 15:05:26 GMT" time="4.179" errors="0">
  <testcase name="testResponseCodeAndFormat" time="4.179" classname="com.restapi.weatherapp.tests.ResponseCodesAndFormat"/>
</testsuite> <!-- com.restapi.weatherapp.tests.ResponseCodesAndFormat -->
