<?xml version="1.0" encoding="UTF-8"?>
<!-- Generated by org.testng.reporters.JUnitReportReporter -->
<testsuite hostname="DESKTOP-HDTDCBG" name="getRequest.GetData" tests="2" failures="0" timestamp="27 Jul 2018 21:35:27 GMT" time="9.893" errors="0">
  <testcase name="testResponseCode" time="0.830" classname="getRequest.GetData"/>
  <testcase name="testResponseBody" time="9.063" classname="getRequest.GetData"/>
</testsuite> <!-- getRequest.GetData -->
