<?xml version="1.0" encoding="UTF-8"?>
<!-- Generated by org.testng.reporters.JUnitReportReporter -->
<testsuite hostname="DESKTOP-HDTDCBG" name="getRequest.GetDataAdv" tests="1" failures="0" timestamp="27 Jul 2018 21:42:32 GMT" time="6.770" errors="0">
  <testcase name="testResponseCode" time="6.770" classname="getRequest.GetDataAdv"/>
</testsuite> <!-- getRequest.GetDataAdv -->
