<?xml version="1.0" encoding="UTF-8"?>
<!-- Generated by org.testng.reporters.JUnitReportReporter -->
<testsuite hostname="DESKTOP-HDTDCBG" name="com.restapi.tests.GetData" tests="2" failures="0" timestamp="27 Jul 2018 22:42:08 GMT" time="22.207" errors="0">
  <testcase name="testResponseCode" time="0.887" classname="com.restapi.tests.GetData"/>
  <testcase name="testResponseBody" time="21.320" classname="com.restapi.tests.GetData"/>
</testsuite> <!-- com.restapi.tests.GetData -->
