<?xml version="1.0" encoding="UTF-8"?>
<!-- Generated by org.testng.reporters.JUnitReportReporter -->
<testsuite hostname="DESKTOP-HDTDCBG" name="com.restapi.weatherapp.tests.GetDataAdv" tests="1" failures="0" timestamp="28 Jul 2018 01:53:49 GMT" time="7.760" errors="0">
  <testcase name="testResponseCode" time="7.760" classname="com.restapi.weatherapp.tests.GetDataAdv"/>
</testsuite> <!-- com.restapi.weatherapp.tests.GetDataAdv -->
