<?xml version="1.0" encoding="UTF-8"?>
<!-- Generated by org.testng.reporters.JUnitReportReporter -->
<testsuite hostname="DESKTOP-HDTDCBG" name="com.restapi.tests.GetData" tests="2" failures="0" timestamp="28 Jul 2018 00:01:35 GMT" time="9.500" errors="0">
  <testcase name="testResponseBody" time="8.724" classname="com.restapi.tests.GetData"/>
  <testcase name="testResponseCode" time="0.776" classname="com.restapi.tests.GetData"/>
</testsuite> <!-- com.restapi.tests.GetData -->
